<?xml version="1.0" encoding="UTF-8"?>
<!-- Generated by org.testng.reporters.JUnitReportReporter -->
<testsuite hostname="DESKTOP-6JVV5KL" failures="0" tests="9" name="runner.runnerTest" time="79.804" errors="0" timestamp="2024-04-02T12:22:54 IST" skipped="0">
  <testcase classname="runner.runnerTest" name="runScenario" time="15.830"/>
  <testcase classname="runner.runnerTest" name="runScenario" time="15.478"/>
  <testcase classname="runner.runnerTest" name="runScenario" time="8.137"/>
  <testcase classname="runner.runnerTest" name="runScenario" time="6.454"/>
  <testcase classname="runner.runnerTest" name="runScenario" time="7.285"/>
  <testcase classname="runner.runnerTest" name="runScenario" time="6.577"/>
  <testcase classname="runner.runnerTest" name="runScenario" time="5.860"/>
  <testcase classname="runner.runnerTest" name="runScenario" time="7.371"/>
  <testcase classname="runner.runnerTest" name="runScenario" time="6.812"/>
</testsuite> <!-- runner.runnerTest -->
