<?xml version="1.0" encoding="UTF-8"?>
<!-- Generated by org.testng.reporters.JUnitReportReporter -->
<testsuite hostname="DESKTOP-6JVV5KL" failures="0" tests="9" name="runner.runnerTest" time="92.582" errors="0" timestamp="2024-04-01T22:52:42 IST" skipped="0">
  <testcase classname="runner.runnerTest" name="runScenario" time="6.000"/>
  <testcase classname="runner.runnerTest" name="runScenario" time="5.742"/>
  <testcase classname="runner.runnerTest" name="runScenario" time="5.852"/>
  <testcase classname="runner.runnerTest" name="runScenario" time="6.019"/>
  <testcase classname="runner.runnerTest" name="runScenario" time="14.837"/>
  <testcase classname="runner.runnerTest" name="runScenario" time="34.103"/>
  <testcase classname="runner.runnerTest" name="runScenario" time="6.152"/>
  <testcase classname="runner.runnerTest" name="runScenario" time="5.504"/>
  <testcase classname="runner.runnerTest" name="runScenario" time="8.373"/>
</testsuite> <!-- runner.runnerTest -->
